<?xml version="1.0" encoding="UTF-8"?>
<testng-results ignored="0" total="1" passed="1" failed="0" skipped="0">
  <reporter-output>
  </reporter-output>
  <suite started-at="2021-07-05T21:28:40 IST" name="Default suite" finished-at="2021-07-05T21:29:54 IST" duration-ms="74079">
    <groups>
    </groups>
    <test started-at="2021-07-05T21:28:40 IST" name="Default test" finished-at="2021-07-05T21:29:54 IST" duration-ms="74079">
      <class name="maven.Findby.Main">
        <test-method is-config="true" signature="beforeMethod()[pri:0, instance:maven.Findby.Main@4944252c]" started-at="2021-07-05T21:28:40 IST" name="beforeMethod" finished-at="2021-07-05T21:28:47 IST" duration-ms="7745" status="PASS">
          <reporter-output>
          </reporter-output>
        </test-method> <!-- beforeMethod -->
        <test-method signature="Homepage()[pri:0, instance:maven.Findby.Main@4944252c]" started-at="2021-07-05T21:28:47 IST" name="Homepage" finished-at="2021-07-05T21:29:53 IST" duration-ms="65910" status="PASS">
          <reporter-output>
          </reporter-output>
        </test-method> <!-- Homepage -->
        <test-method is-config="true" signature="tearDown()[pri:0, instance:maven.Findby.Main@4944252c]" started-at="2021-07-05T21:29:53 IST" name="tearDown" finished-at="2021-07-05T21:29:54 IST" duration-ms="376" status="PASS">
          <reporter-output>
          </reporter-output>
        </test-method> <!-- tearDown -->
      </class> <!-- maven.Findby.Main -->
    </test> <!-- Default test -->
  </suite> <!-- Default suite -->
</testng-results>
